D:\matconvnet-1.0-beta7\matlab\mexMat\mexMat\x64\Release\cl.command.1.tlog
D:\matconvnet-1.0-beta7\matlab\mexMat\mexMat\x64\Release\CL.read.1.tlog
D:\matconvnet-1.0-beta7\matlab\mexMat\mexMat\x64\Release\CL.write.1.tlog
D:\MATCONVNET-1.0-BETA7\MATLAB\MEXMAT\MEXMAT\X64\RELEASE\IM2COL.OBJ
D:\MATCONVNET-1.0-BETA7\MATLAB\MEXMAT\MEXMAT\X64\RELEASE\JARICOM.OBJ
D:\MATCONVNET-1.0-BETA7\MATLAB\MEXMAT\MEXMAT\X64\RELEASE\JCAPIMIN.OBJ
D:\MATCONVNET-1.0-BETA7\MATLAB\MEXMAT\MEXMAT\X64\RELEASE\JCAPISTD.OBJ
D:\MATCONVNET-1.0-BETA7\MATLAB\MEXMAT\MEXMAT\X64\RELEASE\JCARITH.OBJ
D:\MATCONVNET-1.0-BETA7\MATLAB\MEXMAT\MEXMAT\X64\RELEASE\JCCOEFCT.OBJ
D:\MATCONVNET-1.0-BETA7\MATLAB\MEXMAT\MEXMAT\X64\RELEASE\JCCOLOR.OBJ
D:\MATCONVNET-1.0-BETA7\MATLAB\MEXMAT\MEXMAT\X64\RELEASE\JCDCTMGR.OBJ
D:\MATCONVNET-1.0-BETA7\MATLAB\MEXMAT\MEXMAT\X64\RELEASE\JCHUFF.OBJ
D:\MATCONVNET-1.0-BETA7\MATLAB\MEXMAT\MEXMAT\X64\RELEASE\JCINIT.OBJ
D:\MATCONVNET-1.0-BETA7\MATLAB\MEXMAT\MEXMAT\X64\RELEASE\JCMAINCT.OBJ
D:\MATCONVNET-1.0-BETA7\MATLAB\MEXMAT\MEXMAT\X64\RELEASE\JCMARKER.OBJ
D:\MATCONVNET-1.0-BETA7\MATLAB\MEXMAT\MEXMAT\X64\RELEASE\JCMASTER.OBJ
D:\MATCONVNET-1.0-BETA7\MATLAB\MEXMAT\MEXMAT\X64\RELEASE\JCOMAPI.OBJ
D:\MATCONVNET-1.0-BETA7\MATLAB\MEXMAT\MEXMAT\X64\RELEASE\JCPARAM.OBJ
D:\MATCONVNET-1.0-BETA7\MATLAB\MEXMAT\MEXMAT\X64\RELEASE\JCPREPCT.OBJ
D:\MATCONVNET-1.0-BETA7\MATLAB\MEXMAT\MEXMAT\X64\RELEASE\JCSAMPLE.OBJ
D:\MATCONVNET-1.0-BETA7\MATLAB\MEXMAT\MEXMAT\X64\RELEASE\JCTRANS.OBJ
D:\MATCONVNET-1.0-BETA7\MATLAB\MEXMAT\MEXMAT\X64\RELEASE\JDAPIMIN.OBJ
D:\MATCONVNET-1.0-BETA7\MATLAB\MEXMAT\MEXMAT\X64\RELEASE\JDAPISTD.OBJ
D:\MATCONVNET-1.0-BETA7\MATLAB\MEXMAT\MEXMAT\X64\RELEASE\JDARITH.OBJ
D:\MATCONVNET-1.0-BETA7\MATLAB\MEXMAT\MEXMAT\X64\RELEASE\JDATADST.OBJ
D:\MATCONVNET-1.0-BETA7\MATLAB\MEXMAT\MEXMAT\X64\RELEASE\JDATASRC.OBJ
D:\MATCONVNET-1.0-BETA7\MATLAB\MEXMAT\MEXMAT\X64\RELEASE\JDCOEFCT.OBJ
D:\MATCONVNET-1.0-BETA7\MATLAB\MEXMAT\MEXMAT\X64\RELEASE\JDCOLOR.OBJ
D:\MATCONVNET-1.0-BETA7\MATLAB\MEXMAT\MEXMAT\X64\RELEASE\JDDCTMGR.OBJ
D:\MATCONVNET-1.0-BETA7\MATLAB\MEXMAT\MEXMAT\X64\RELEASE\JDHUFF.OBJ
D:\MATCONVNET-1.0-BETA7\MATLAB\MEXMAT\MEXMAT\X64\RELEASE\JDINPUT.OBJ
D:\MATCONVNET-1.0-BETA7\MATLAB\MEXMAT\MEXMAT\X64\RELEASE\JDMAINCT.OBJ
D:\MATCONVNET-1.0-BETA7\MATLAB\MEXMAT\MEXMAT\X64\RELEASE\JDMARKER.OBJ
D:\MATCONVNET-1.0-BETA7\MATLAB\MEXMAT\MEXMAT\X64\RELEASE\JDMASTER.OBJ
D:\MATCONVNET-1.0-BETA7\MATLAB\MEXMAT\MEXMAT\X64\RELEASE\JDMERGE.OBJ
D:\MATCONVNET-1.0-BETA7\MATLAB\MEXMAT\MEXMAT\X64\RELEASE\JDPOSTCT.OBJ
D:\MATCONVNET-1.0-BETA7\MATLAB\MEXMAT\MEXMAT\X64\RELEASE\JDSAMPLE.OBJ
D:\MATCONVNET-1.0-BETA7\MATLAB\MEXMAT\MEXMAT\X64\RELEASE\JDTRANS.OBJ
D:\MATCONVNET-1.0-BETA7\MATLAB\MEXMAT\MEXMAT\X64\RELEASE\JERROR.OBJ
D:\MATCONVNET-1.0-BETA7\MATLAB\MEXMAT\MEXMAT\X64\RELEASE\JFDCTFLT.OBJ
D:\MATCONVNET-1.0-BETA7\MATLAB\MEXMAT\MEXMAT\X64\RELEASE\JFDCTFST.OBJ
D:\MATCONVNET-1.0-BETA7\MATLAB\MEXMAT\MEXMAT\X64\RELEASE\JFDCTINT.OBJ
D:\MATCONVNET-1.0-BETA7\MATLAB\MEXMAT\MEXMAT\X64\RELEASE\JIDCTFLT.OBJ
D:\MATCONVNET-1.0-BETA7\MATLAB\MEXMAT\MEXMAT\X64\RELEASE\JIDCTFST.OBJ
D:\MATCONVNET-1.0-BETA7\MATLAB\MEXMAT\MEXMAT\X64\RELEASE\JIDCTINT.OBJ
D:\MATCONVNET-1.0-BETA7\MATLAB\MEXMAT\MEXMAT\X64\RELEASE\JMEMMGR.OBJ
D:\MATCONVNET-1.0-BETA7\MATLAB\MEXMAT\MEXMAT\X64\RELEASE\JMEMNOBS.OBJ
D:\MATCONVNET-1.0-BETA7\MATLAB\MEXMAT\MEXMAT\X64\RELEASE\JQUANT1.OBJ
D:\MATCONVNET-1.0-BETA7\MATLAB\MEXMAT\MEXMAT\X64\RELEASE\JQUANT2.OBJ
D:\MATCONVNET-1.0-BETA7\MATLAB\MEXMAT\MEXMAT\X64\RELEASE\JUTILS.OBJ
D:\matconvnet-1.0-beta7\matlab\mexMat\mexMat\x64\Release\link.command.1.tlog
D:\matconvnet-1.0-beta7\matlab\mexMat\mexMat\x64\Release\link.read.1.tlog
D:\matconvnet-1.0-beta7\matlab\mexMat\mexMat\x64\Release\link.write.1.tlog
D:\matconvnet-1.0-beta7\matlab\mexMat\mexMat\x64\Release\link-cvtres.read.1.tlog
D:\matconvnet-1.0-beta7\matlab\mexMat\mexMat\x64\Release\link-cvtres.write.1.tlog
D:\MATCONVNET-1.0-BETA7\MATLAB\MEXMAT\MEXMAT\X64\RELEASE\MEXMAT.OBJ
D:\MATCONVNET-1.0-BETA7\MATLAB\MEXMAT\MEXMAT\X64\RELEASE\MEXMAT.RES
D:\matconvnet-1.0-beta7\matlab\mexMat\mexMat\x64\Release\mt.command.1.tlog
D:\matconvnet-1.0-beta7\matlab\mexMat\mexMat\x64\Release\mt.read.1.tlog
D:\matconvnet-1.0-beta7\matlab\mexMat\mexMat\x64\Release\mt.write.1.tlog
D:\MATCONVNET-1.0-BETA7\MATLAB\MEXMAT\MEXMAT\X64\RELEASE\NORMALIZE.OBJ
D:\MATCONVNET-1.0-BETA7\MATLAB\MEXMAT\MEXMAT\X64\RELEASE\POOLING.OBJ
D:\matconvnet-1.0-beta7\matlab\mexMat\mexMat\x64\Release\rc.command.1.tlog
D:\matconvnet-1.0-beta7\matlab\mexMat\mexMat\x64\Release\rc.read.1.tlog
D:\matconvnet-1.0-beta7\matlab\mexMat\mexMat\x64\Release\rc.write.1.tlog
D:\MATCONVNET-1.0-BETA7\MATLAB\MEXMAT\MEXMAT\X64\RELEASE\STDAFX.OBJ
D:\MATCONVNET-1.0-BETA7\MATLAB\MEXMAT\MEXMAT\X64\RELEASE\SUBSAMPLE.OBJ
D:\MATCONVNET-1.0-BETA7\MATLAB\MEXMAT\MEXMAT\X64\RELEASE\VC100.PDB
D:\MATCONVNET-1.0-BETA7\MATLAB\MEXMAT\MEXMAT\X64\RELEASE\VL_NNCONV.MEXW64.INTERMEDIATE.MANIFEST
D:\MATCONVNET-1.0-BETA7\MATLAB\MEXMAT\MEXMAT\X64\RELEASE\VL_NNCONV.OBJ
D:\MATCONVNET-1.0-BETA7\MATLAB\MEXMAT\MEXMAT\X64\RELEASE\VL_NNCONV.PCH
D:\matconvnet-1.0-beta7\matlab\mexMat\mexMat\x64\Release\vl_nnconv.write.1.tlog
D:\matconvnet-1.0-beta7\matlab\mexMat\x64\Release\vl_nnconv.exp
D:\matconvnet-1.0-beta7\matlab\mexMat\x64\Release\vl_nnconv.lib
D:\MATCONVNET-1.0-BETA7\MATLAB\MEXMAT\X64\RELEASE\VL_NNCONV.MEXW64
D:\MATCONVNET-1.0-BETA7\MATLAB\MEXMAT\X64\RELEASE\VL_NNCONV.PDB
